<?xml version="1.0" encoding="UTF-8"?>
<coverage generated="1489157332">
  <project timestamp="1489157332">
    <package name="cbenco">
      <file name="/usr/local/var/www/htdocs/swp2/src/cbenco/App.php">
        <class name="App" namespace="cbenco">
          <metrics complexity="2" methods="2" coveredmethods="0" conditionals="0" coveredconditionals="0" statements="11" coveredstatements="0" elements="13" coveredelements="0"/>
        </class>
        <line num="12" type="method" name="__construct" visibility="public" complexity="1" crap="2" count="0"/>
        <line num="13" type="stmt" count="0"/>
        <line num="14" type="stmt" count="0"/>
        <line num="15" type="stmt" count="0"/>
        <line num="16" type="stmt" count="0"/>
        <line num="17" type="stmt" count="0"/>
        <line num="18" type="stmt" count="0"/>
        <line num="20" type="method" name="appendWeatherRoutes" visibility="public" complexity="1" crap="2" count="0"/>
        <line num="21" type="stmt" count="0"/>
        <line num="22" type="stmt" count="0"/>
        <line num="23" type="stmt" count="0"/>
        <line num="24" type="stmt" count="0"/>
        <line num="25" type="stmt" count="0"/>
        <metrics loc="25" ncloc="25" classes="1" methods="2" coveredmethods="0" conditionals="0" coveredconditionals="0" statements="11" coveredstatements="0" elements="13" coveredelements="0"/>
      </file>
    </package>
    <package name="cbenco\Config">
      <file name="/usr/local/var/www/htdocs/swp2/src/cbenco/Config/DatabaseConfig.php">
        <class name="DatabaseConfig" namespace="cbenco\Config">
          <metrics complexity="2" methods="2" coveredmethods="1" conditionals="0" coveredconditionals="0" statements="3" coveredstatements="2" elements="5" coveredelements="3"/>
        </class>
        <line num="34" type="method" name="getDatabaseArray" visibility="public" complexity="1" crap="2" count="0"/>
        <line num="35" type="stmt" count="0"/>
        <line num="38" type="method" name="getDatabaseTableSchema" visibility="public" complexity="1" crap="1" count="8"/>
        <line num="39" type="stmt" count="8"/>
        <line num="40" type="stmt" count="8"/>
        <metrics loc="41" ncloc="41" classes="1" methods="2" coveredmethods="1" conditionals="0" coveredconditionals="0" statements="3" coveredstatements="2" elements="5" coveredelements="3"/>
      </file>
    </package>
    <package name="cbenco\Database">
      <file name="/usr/local/var/www/htdocs/swp2/src/cbenco/Database/DatabaseFactory.php">
        <class name="DatabaseFactory" namespace="cbenco\Database">
          <metrics complexity="9" methods="5" coveredmethods="3" conditionals="0" coveredconditionals="0" statements="19" coveredstatements="12" elements="24" coveredelements="15"/>
        </class>
        <line num="10" type="method" name="__construct" visibility="public" complexity="1" crap="1" count="8"/>
        <line num="11" type="stmt" count="8"/>
        <line num="12" type="stmt" count="8"/>
        <line num="13" type="stmt" count="8"/>
        <line num="15" type="method" name="getDatabase" visibility="public" complexity="1" crap="1" count="7"/>
        <line num="16" type="stmt" count="7"/>
        <line num="19" type="method" name="getDatabaseType" visibility="public" complexity="1" crap="1" count="7"/>
        <line num="20" type="stmt" count="7"/>
        <line num="23" type="method" name="deleteDatabase" visibility="public" complexity="2" crap="6" count="0"/>
        <line num="24" type="stmt" count="0"/>
        <line num="25" type="stmt" count="0"/>
        <line num="26" type="stmt" count="0"/>
        <line num="27" type="stmt" count="0"/>
        <line num="29" type="stmt" count="0"/>
        <line num="31" type="method" name="createTable" visibility="public" complexity="4" crap="4.18" count="8"/>
        <line num="32" type="stmt" count="8"/>
        <line num="33" type="stmt" count="8"/>
        <line num="34" type="stmt" count="8"/>
        <line num="35" type="stmt" count="8"/>
        <line num="36" type="stmt" count="8"/>
        <line num="39" type="stmt" count="8"/>
        <line num="40" type="stmt" count="0"/>
        <line num="41" type="stmt" count="0"/>
        <line num="43" type="stmt" count="8"/>
        <metrics loc="43" ncloc="43" classes="1" methods="5" coveredmethods="3" conditionals="0" coveredconditionals="0" statements="19" coveredstatements="12" elements="24" coveredelements="15"/>
      </file>
    </package>
    <package name="cbenco\Forecaster\Adapter">
      <file name="/usr/local/var/www/htdocs/swp2/src/cbenco/Forecaster/Adapter/WeatherObjectAdapter.php">
        <class name="WeatherObjectAdapter" namespace="cbenco\Forecaster\Adapter">
          <metrics complexity="20" methods="7" coveredmethods="3" conditionals="0" coveredconditionals="0" statements="66" coveredstatements="53" elements="73" coveredelements="56"/>
        </class>
        <line num="10" type="method" name="__construct" visibility="public" complexity="1" crap="1" count="8"/>
        <line num="11" type="stmt" count="8"/>
        <line num="12" type="stmt" count="8"/>
        <line num="13" type="stmt" count="8"/>
        <line num="14" type="stmt" count="8"/>
        <line num="15" type="stmt" count="8"/>
        <line num="17" type="stmt" count="8"/>
        <line num="18" type="method" name="addWeatherObjectToDatabase" visibility="public" complexity="2" crap="2.06" count="2"/>
        <line num="20" type="stmt" count="2"/>
        <line num="21" type="stmt" count="2"/>
        <line num="22" type="stmt" count="2"/>
        <line num="23" type="stmt" count="2"/>
        <line num="24" type="stmt" count="2"/>
        <line num="25" type="stmt" count="2"/>
        <line num="26" type="stmt" count="2"/>
        <line num="29" type="stmt" count="2"/>
        <line num="30" type="stmt" count="2"/>
        <line num="31" type="stmt" count="0"/>
        <line num="32" type="stmt" count="0"/>
        <line num="33" type="stmt" count="0"/>
        <line num="38" type="method" name="getWeatherObjectFromDatabase" visibility="public" complexity="6" crap="6.40" count="6"/>
        <line num="39" type="stmt" count="6"/>
        <line num="40" type="stmt" count="6"/>
        <line num="41" type="stmt" count="6"/>
        <line num="42" type="stmt" count="6"/>
        <line num="43" type="stmt" count="6"/>
        <line num="44" type="stmt" count="0"/>
        <line num="45" type="stmt" count="0"/>
        <line num="46" type="stmt" count="6"/>
        <line num="47" type="stmt" count="2"/>
        <line num="48" type="stmt" count="2"/>
        <line num="50" type="stmt" count="0"/>
        <line num="52" type="stmt" count="2"/>
        <line num="54" type="stmt" count="6"/>
        <line num="55" type="stmt" count="6"/>
        <line num="58" type="stmt" count="0"/>
        <line num="60" type="stmt" count="6"/>
        <line num="61" type="stmt" count="6"/>
        <line num="63" type="stmt" count="6"/>
        <line num="66" type="method" name="replaceWeatherObject" visibility="public" complexity="1" crap="1" count="1"/>
        <line num="68" type="stmt" count="1"/>
        <line num="69" type="stmt" count="1"/>
        <line num="70" type="stmt" count="1"/>
        <line num="71" type="stmt" count="1"/>
        <line num="72" type="stmt" count="1"/>
        <line num="74" type="stmt" count="1"/>
        <line num="77" type="method" name="updateWeatherObject" visibility="public" complexity="6" crap="6.35" count="3"/>
        <line num="78" type="stmt" count="3"/>
        <line num="79" type="stmt" count="3"/>
        <line num="80" type="stmt" count="3"/>
        <line num="81" type="stmt" count="3"/>
        <line num="84" type="stmt" count="2"/>
        <line num="85" type="stmt" count="2"/>
        <line num="86" type="stmt" count="2"/>
        <line num="90" type="stmt" count="2"/>
        <line num="91" type="stmt" count="2"/>
        <line num="93" type="stmt" count="2"/>
        <line num="95" type="stmt" count="2"/>
        <line num="96" type="stmt" count="0"/>
        <line num="97" type="stmt" count="0"/>
        <line num="98" type="stmt" count="0"/>
        <line num="102" type="method" name="deleteWeatherObject" visibility="public" complexity="3" crap="3.71" count="3"/>
        <line num="103" type="stmt" count="3"/>
        <line num="104" type="stmt" count="1"/>
        <line num="107" type="stmt" count="2"/>
        <line num="108" type="stmt" count="2"/>
        <line num="109" type="stmt" count="0"/>
        <line num="110" type="stmt" count="0"/>
        <line num="111" type="stmt" count="0"/>
        <line num="115" type="method" name="objectToWeatherObject" visibility="public" complexity="1" crap="1" count="6"/>
        <line num="116" type="stmt" count="6"/>
        <line num="117" type="stmt" count="6"/>
        <line num="118" type="stmt" count="6"/>
        <metrics loc="120" ncloc="120" classes="1" methods="7" coveredmethods="3" conditionals="0" coveredconditionals="0" statements="66" coveredstatements="53" elements="73" coveredelements="56"/>
      </file>
    </package>
    <file name="/usr/local/var/www/htdocs/swp2/src/cbenco/Forecaster/Interfaces/ISensorDeviceModel.php">
      <metrics loc="53" ncloc="26" classes="0" methods="0" coveredmethods="0" conditionals="0" coveredconditionals="0" statements="0" coveredstatements="0" elements="0" coveredelements="0"/>
    </file>
    <file name="/usr/local/var/www/htdocs/swp2/src/cbenco/Forecaster/Interfaces/IWeatherObjectModel.php">
      <metrics loc="16" ncloc="16" classes="0" methods="0" coveredmethods="0" conditionals="0" coveredconditionals="0" statements="0" coveredstatements="0" elements="0" coveredelements="0"/>
    </file>
    <package name="cbenco\Forecaster\Models">
      <file name="/usr/local/var/www/htdocs/swp2/src/cbenco/Forecaster/Models/ConfigurationModel.php">
        <class name="ConfigurationModel" namespace="cbenco\Forecaster\Models">
          <metrics complexity="24" methods="16" coveredmethods="0" conditionals="0" coveredconditionals="0" statements="72" coveredstatements="0" elements="88" coveredelements="0"/>
        </class>
        <line num="19" type="method" name="getWLANssID" visibility="public" complexity="1" crap="2" count="0"/>
        <line num="20" type="stmt" count="0"/>
        <line num="21" type="stmt" count="0"/>
        <line num="22" type="stmt" count="0"/>
        <line num="27" type="method" name="setWLANssID" visibility="public" complexity="2" crap="6" count="0"/>
        <line num="28" type="stmt" count="0"/>
        <line num="29" type="stmt" count="0"/>
        <line num="30" type="stmt" count="0"/>
        <line num="31" type="stmt" count="0"/>
        <line num="32" type="stmt" count="0"/>
        <line num="33" type="stmt" count="0"/>
        <line num="38" type="method" name="getWLANPassPhrase" visibility="public" complexity="1" crap="2" count="0"/>
        <line num="39" type="stmt" count="0"/>
        <line num="40" type="stmt" count="0"/>
        <line num="41" type="stmt" count="0"/>
        <line num="46" type="method" name="setWLANPassPhrase" visibility="public" complexity="2" crap="6" count="0"/>
        <line num="47" type="stmt" count="0"/>
        <line num="48" type="stmt" count="0"/>
        <line num="49" type="stmt" count="0"/>
        <line num="50" type="stmt" count="0"/>
        <line num="51" type="stmt" count="0"/>
        <line num="52" type="stmt" count="0"/>
        <line num="57" type="method" name="getHttpApi" visibility="public" complexity="1" crap="2" count="0"/>
        <line num="58" type="stmt" count="0"/>
        <line num="59" type="stmt" count="0"/>
        <line num="60" type="stmt" count="0"/>
        <line num="65" type="method" name="setHttpApi" visibility="public" complexity="2" crap="6" count="0"/>
        <line num="66" type="stmt" count="0"/>
        <line num="67" type="stmt" count="0"/>
        <line num="68" type="stmt" count="0"/>
        <line num="69" type="stmt" count="0"/>
        <line num="70" type="stmt" count="0"/>
        <line num="71" type="stmt" count="0"/>
        <line num="76" type="method" name="getHttpDomain" visibility="public" complexity="1" crap="2" count="0"/>
        <line num="77" type="stmt" count="0"/>
        <line num="78" type="stmt" count="0"/>
        <line num="79" type="stmt" count="0"/>
        <line num="84" type="method" name="setHttpDomain" visibility="public" complexity="2" crap="6" count="0"/>
        <line num="85" type="stmt" count="0"/>
        <line num="86" type="stmt" count="0"/>
        <line num="87" type="stmt" count="0"/>
        <line num="88" type="stmt" count="0"/>
        <line num="89" type="stmt" count="0"/>
        <line num="90" type="stmt" count="0"/>
        <line num="95" type="method" name="getSensorFilename" visibility="public" complexity="1" crap="2" count="0"/>
        <line num="96" type="stmt" count="0"/>
        <line num="97" type="stmt" count="0"/>
        <line num="98" type="stmt" count="0"/>
        <line num="103" type="method" name="setSensorFilename" visibility="public" complexity="2" crap="6" count="0"/>
        <line num="104" type="stmt" count="0"/>
        <line num="105" type="stmt" count="0"/>
        <line num="106" type="stmt" count="0"/>
        <line num="107" type="stmt" count="0"/>
        <line num="108" type="stmt" count="0"/>
        <line num="109" type="stmt" count="0"/>
        <line num="114" type="method" name="getHttpPort" visibility="public" complexity="1" crap="2" count="0"/>
        <line num="115" type="stmt" count="0"/>
        <line num="116" type="stmt" count="0"/>
        <line num="117" type="stmt" count="0"/>
        <line num="122" type="method" name="setHttpPort" visibility="public" complexity="2" crap="6" count="0"/>
        <line num="123" type="stmt" count="0"/>
        <line num="124" type="stmt" count="0"/>
        <line num="125" type="stmt" count="0"/>
        <line num="126" type="stmt" count="0"/>
        <line num="127" type="stmt" count="0"/>
        <line num="128" type="stmt" count="0"/>
        <line num="133" type="method" name="getTimer" visibility="public" complexity="1" crap="2" count="0"/>
        <line num="134" type="stmt" count="0"/>
        <line num="135" type="stmt" count="0"/>
        <line num="136" type="stmt" count="0"/>
        <line num="141" type="method" name="setTimer" visibility="public" complexity="2" crap="6" count="0"/>
        <line num="142" type="stmt" count="0"/>
        <line num="143" type="stmt" count="0"/>
        <line num="144" type="stmt" count="0"/>
        <line num="145" type="stmt" count="0"/>
        <line num="146" type="stmt" count="0"/>
        <line num="147" type="stmt" count="0"/>
        <line num="152" type="method" name="getTimerAutoReload" visibility="public" complexity="1" crap="2" count="0"/>
        <line num="153" type="stmt" count="0"/>
        <line num="154" type="stmt" count="0"/>
        <line num="155" type="stmt" count="0"/>
        <line num="160" type="method" name="setTimerAutoReload" visibility="public" complexity="2" crap="6" count="0"/>
        <line num="161" type="stmt" count="0"/>
        <line num="162" type="stmt" count="0"/>
        <line num="163" type="stmt" count="0"/>
        <line num="164" type="stmt" count="0"/>
        <line num="165" type="stmt" count="0"/>
        <line num="166" type="stmt" count="0"/>
        <metrics loc="167" ncloc="103" classes="1" methods="16" coveredmethods="0" conditionals="0" coveredconditionals="0" statements="72" coveredstatements="0" elements="88" coveredelements="0"/>
      </file>
      <file name="/usr/local/var/www/htdocs/swp2/src/cbenco/Forecaster/Models/SensorDeviceModel.php">
        <class name="SensorDeviceModel" namespace="cbenco\Forecaster\Models">
          <metrics complexity="10" methods="10" coveredmethods="0" conditionals="0" coveredconditionals="0" statements="30" coveredstatements="0" elements="40" coveredelements="0"/>
        </class>
        <line num="17" type="method" name="getDeviceId" visibility="public" complexity="1" crap="2" count="0"/>
        <line num="18" type="stmt" count="0"/>
        <line num="19" type="stmt" count="0"/>
        <line num="20" type="stmt" count="0"/>
        <line num="25" type="method" name="setDeviceId" visibility="public" complexity="1" crap="2" count="0"/>
        <line num="26" type="stmt" count="0"/>
        <line num="27" type="stmt" count="0"/>
        <line num="28" type="stmt" count="0"/>
        <line num="33" type="method" name="getRegisterToken" visibility="public" complexity="1" crap="2" count="0"/>
        <line num="34" type="stmt" count="0"/>
        <line num="35" type="stmt" count="0"/>
        <line num="36" type="stmt" count="0"/>
        <line num="41" type="method" name="setRegisterToken" visibility="public" complexity="1" crap="2" count="0"/>
        <line num="42" type="stmt" count="0"/>
        <line num="43" type="stmt" count="0"/>
        <line num="44" type="stmt" count="0"/>
        <line num="49" type="method" name="getDeviceName" visibility="public" complexity="1" crap="2" count="0"/>
        <line num="50" type="stmt" count="0"/>
        <line num="51" type="stmt" count="0"/>
        <line num="52" type="stmt" count="0"/>
        <line num="57" type="method" name="setDeviceName" visibility="public" complexity="1" crap="2" count="0"/>
        <line num="58" type="stmt" count="0"/>
        <line num="59" type="stmt" count="0"/>
        <line num="60" type="stmt" count="0"/>
        <line num="65" type="method" name="getRegisterDate" visibility="public" complexity="1" crap="2" count="0"/>
        <line num="66" type="stmt" count="0"/>
        <line num="67" type="stmt" count="0"/>
        <line num="68" type="stmt" count="0"/>
        <line num="73" type="method" name="setRegisterDate" visibility="public" complexity="1" crap="2" count="0"/>
        <line num="74" type="stmt" count="0"/>
        <line num="75" type="stmt" count="0"/>
        <line num="76" type="stmt" count="0"/>
        <line num="81" type="method" name="getConfigObject" visibility="public" complexity="1" crap="2" count="0"/>
        <line num="82" type="stmt" count="0"/>
        <line num="83" type="stmt" count="0"/>
        <line num="84" type="stmt" count="0"/>
        <line num="89" type="method" name="setConfigObject" visibility="public" complexity="1" crap="2" count="0"/>
        <line num="90" type="stmt" count="0"/>
        <line num="91" type="stmt" count="0"/>
        <line num="92" type="stmt" count="0"/>
        <metrics loc="92" ncloc="62" classes="1" methods="10" coveredmethods="0" conditionals="0" coveredconditionals="0" statements="30" coveredstatements="0" elements="40" coveredelements="0"/>
      </file>
      <file name="/usr/local/var/www/htdocs/swp2/src/cbenco/Forecaster/Models/WeatherObjectModel.php">
        <class name="WeatherObjectModel" namespace="cbenco\Forecaster\Models">
          <metrics complexity="18" methods="13" coveredmethods="8" conditionals="0" coveredconditionals="0" statements="42" coveredstatements="36" elements="55" coveredelements="44"/>
        </class>
        <line num="26" type="method" name="getTemperature" visibility="public" complexity="1" crap="1" count="4"/>
        <line num="28" type="stmt" count="4"/>
        <line num="31" type="method" name="getUId" visibility="public" complexity="1" crap="1" count="6"/>
        <line num="32" type="stmt" count="6"/>
        <line num="38" type="method" name="getHumidity" visibility="public" complexity="1" crap="1" count="4"/>
        <line num="40" type="stmt" count="4"/>
        <line num="46" type="method" name="getPressure" visibility="public" complexity="1" crap="1" count="4"/>
        <line num="48" type="stmt" count="4"/>
        <line num="54" type="method" name="getBrightness" visibility="public" complexity="1" crap="1" count="4"/>
        <line num="56" type="stmt" count="4"/>
        <line num="63" type="method" name="setTemperature" visibility="public" complexity="2" crap="2.06" count="7"/>
        <line num="65" type="stmt" count="7"/>
        <line num="66" type="stmt" count="0"/>
        <line num="68" type="stmt" count="7"/>
        <line num="69" type="stmt" count="7"/>
        <line num="71" type="method" name="setUId" visibility="public" complexity="1" crap="2" count="0"/>
        <line num="72" type="stmt" count="0"/>
        <line num="73" type="stmt" count="0"/>
        <line num="79" type="method" name="setHumidity" visibility="public" complexity="2" crap="2.06" count="7"/>
        <line num="81" type="stmt" count="7"/>
        <line num="82" type="stmt" count="0"/>
        <line num="84" type="stmt" count="7"/>
        <line num="85" type="stmt" count="7"/>
        <line num="92" type="method" name="setPressure" visibility="public" complexity="2" crap="2.06" count="7"/>
        <line num="94" type="stmt" count="7"/>
        <line num="95" type="stmt" count="0"/>
        <line num="97" type="stmt" count="7"/>
        <line num="98" type="stmt" count="7"/>
        <line num="104" type="method" name="setBrightness" visibility="public" complexity="2" crap="2.06" count="7"/>
        <line num="106" type="stmt" count="7"/>
        <line num="107" type="stmt" count="0"/>
        <line num="109" type="stmt" count="7"/>
        <line num="110" type="stmt" count="7"/>
        <line num="112" type="method" name="setDataByJson" visibility="public" complexity="2" crap="2" count="6"/>
        <line num="114" type="stmt" count="6"/>
        <line num="115" type="stmt" count="6"/>
        <line num="116" type="stmt" count="6"/>
        <line num="118" type="stmt" count="6"/>
        <line num="119" type="stmt" count="6"/>
        <line num="120" type="stmt" count="6"/>
        <line num="121" type="stmt" count="6"/>
        <line num="122" type="stmt" count="6"/>
        <line num="123" type="stmt" count="6"/>
        <line num="129" type="method" name="__construct" visibility="public" complexity="1" crap="1" count="7"/>
        <line num="131" type="stmt" count="7"/>
        <line num="132" type="stmt" count="7"/>
        <line num="134" type="method" name="__toString" visibility="public" complexity="1" crap="1" count="2"/>
        <line num="136" type="stmt" count="2"/>
        <line num="137" type="stmt" count="2"/>
        <line num="138" type="stmt" count="2"/>
        <line num="139" type="stmt" count="2"/>
        <line num="140" type="stmt" count="2"/>
        <line num="141" type="stmt" count="2"/>
        <line num="142" type="stmt" count="2"/>
        <line num="144" type="stmt" count="2"/>
        <metrics loc="145" ncloc="107" classes="1" methods="13" coveredmethods="8" conditionals="0" coveredconditionals="0" statements="42" coveredstatements="36" elements="55" coveredelements="44"/>
      </file>
    </package>
    <package name="cbenco\Routes">
      <file name="/usr/local/var/www/htdocs/swp2/src/cbenco/Routes/Router.php">
        <class name="Router" namespace="cbenco\Routes">
          <metrics complexity="13" methods="13" coveredmethods="5" conditionals="0" coveredconditionals="0" statements="35" coveredstatements="9" elements="48" coveredelements="14"/>
        </class>
        <line num="16" type="method" name="__construct" visibility="public" complexity="1" crap="1" count="1"/>
        <line num="18" type="stmt" count="1"/>
        <line num="19" type="stmt" count="1"/>
        <line num="20" type="stmt" count="1"/>
        <line num="22" type="method" name="dispatch" visibility="public" complexity="1" crap="2" count="0"/>
        <line num="23" type="stmt" count="0"/>
        <line num="24" type="stmt" count="0"/>
        <line num="25" type="stmt" count="0"/>
        <line num="26" type="stmt" count="0"/>
        <line num="27" type="stmt" count="0"/>
        <line num="29" type="method" name="getRouter" visibility="public" complexity="1" crap="1" count="1"/>
        <line num="30" type="stmt" count="1"/>
        <line num="33" type="method" name="setAppPath" visibility="public" complexity="1" crap="1" count="1"/>
        <line num="34" type="stmt" count="1"/>
        <line num="35" type="stmt" count="1"/>
        <line num="37" type="method" name="registerRoutes" visibility="public" complexity="1" crap="1" count="1"/>
        <line num="39" type="stmt" count="1"/>
        <line num="40" type="stmt" count="1"/>
        <line num="41" type="method" name="anonymous function" complexity="1" crap="1" count="1"/>
        <line num="43" type="stmt" count="1"/>
        <line num="46" type="stmt" count="1"/>
        <line num="47" type="stmt" count="1"/>
        <line num="48" type="stmt" count="1"/>
        <line num="49" type="stmt" count="1"/>
        <line num="50" type="stmt" count="1"/>
        <line num="51" type="stmt" count="1"/>
        <line num="52" type="stmt" count="1"/>
        <line num="53" type="stmt" count="1"/>
        <line num="58" type="method" name="getDeviceConfig" visibility="public" complexity="1" crap="2" count="0"/>
        <line num="59" type="stmt" count="0"/>
        <line num="60" type="stmt" count="0"/>
        <line num="61" type="stmt" count="0"/>
        <line num="63" type="method" name="listDevices" visibility="public" complexity="1" crap="2" count="0"/>
        <line num="64" type="stmt" count="0"/>
        <line num="65" type="stmt" count="0"/>
        <line num="66" type="stmt" count="0"/>
        <line num="68" type="method" name="getDeviceObject" visibility="public" complexity="1" crap="2" count="0"/>
        <line num="69" type="stmt" count="0"/>
        <line num="70" type="stmt" count="0"/>
        <line num="71" type="stmt" count="0"/>
        <line num="73" type="method" name="addNewDevice" visibility="public" complexity="1" crap="2" count="0"/>
        <line num="74" type="stmt" count="0"/>
        <line num="75" type="stmt" count="0"/>
        <line num="76" type="stmt" count="0"/>
        <line num="78" type="method" name="updateDeviceObject" visibility="public" complexity="1" crap="2" count="0"/>
        <line num="79" type="stmt" count="0"/>
        <line num="80" type="stmt" count="0"/>
        <line num="81" type="stmt" count="0"/>
        <line num="83" type="method" name="deleteDevices" visibility="public" complexity="1" crap="2" count="0"/>
        <line num="84" type="stmt" count="0"/>
        <line num="85" type="stmt" count="0"/>
        <line num="86" type="stmt" count="0"/>
        <line num="88" type="method" name="deleteDevice" visibility="public" complexity="1" crap="2" count="0"/>
        <line num="89" type="stmt" count="0"/>
        <line num="90" type="stmt" count="0"/>
        <line num="91" type="stmt" count="0"/>
        <metrics loc="91" ncloc="91" classes="1" methods="13" coveredmethods="5" conditionals="0" coveredconditionals="0" statements="43" coveredstatements="17" elements="56" coveredelements="22"/>
      </file>
      <file name="/usr/local/var/www/htdocs/swp2/src/cbenco/Routes/RoutesHelper.php">
        <class name="RoutesHelper" namespace="cbenco\Routes">
          <metrics complexity="9" methods="2" coveredmethods="0" conditionals="0" coveredconditionals="0" statements="44" coveredstatements="0" elements="46" coveredelements="0"/>
        </class>
        <line num="7" type="method" name="getHttpFormData" visibility="public" complexity="7" crap="56" count="0"/>
        <line num="8" type="stmt" count="0"/>
        <line num="9" type="stmt" count="0"/>
        <line num="10" type="stmt" count="0"/>
        <line num="11" type="stmt" count="0"/>
        <line num="12" type="stmt" count="0"/>
        <line num="13" type="stmt" count="0"/>
        <line num="14" type="stmt" count="0"/>
        <line num="15" type="stmt" count="0"/>
        <line num="16" type="stmt" count="0"/>
        <line num="17" type="stmt" count="0"/>
        <line num="18" type="stmt" count="0"/>
        <line num="19" type="stmt" count="0"/>
        <line num="20" type="stmt" count="0"/>
        <line num="21" type="stmt" count="0"/>
        <line num="22" type="stmt" count="0"/>
        <line num="23" type="stmt" count="0"/>
        <line num="24" type="stmt" count="0"/>
        <line num="25" type="stmt" count="0"/>
        <line num="26" type="stmt" count="0"/>
        <line num="27" type="stmt" count="0"/>
        <line num="28" type="stmt" count="0"/>
        <line num="29" type="stmt" count="0"/>
        <line num="30" type="stmt" count="0"/>
        <line num="31" type="stmt" count="0"/>
        <line num="32" type="stmt" count="0"/>
        <line num="33" type="stmt" count="0"/>
        <line num="34" type="stmt" count="0"/>
        <line num="35" type="stmt" count="0"/>
        <line num="36" type="stmt" count="0"/>
        <line num="38" type="method" name="parseFormData" visibility="private" complexity="2" crap="6" count="0"/>
        <line num="39" type="stmt" count="0"/>
        <line num="40" type="stmt" count="0"/>
        <line num="41" type="stmt" count="0"/>
        <line num="42" type="stmt" count="0"/>
        <line num="43" type="stmt" count="0"/>
        <line num="44" type="stmt" count="0"/>
        <line num="45" type="stmt" count="0"/>
        <line num="46" type="stmt" count="0"/>
        <line num="47" type="stmt" count="0"/>
        <line num="48" type="stmt" count="0"/>
        <line num="49" type="stmt" count="0"/>
        <line num="50" type="stmt" count="0"/>
        <line num="51" type="stmt" count="0"/>
        <line num="52" type="stmt" count="0"/>
        <line num="53" type="stmt" count="0"/>
        <metrics loc="53" ncloc="53" classes="1" methods="2" coveredmethods="0" conditionals="0" coveredconditionals="0" statements="44" coveredstatements="0" elements="46" coveredelements="0"/>
      </file>
      <file name="/usr/local/var/www/htdocs/swp2/src/cbenco/Routes/WeatherObjectRoutes.php">
        <class name="WeatherObjectRoutes" namespace="cbenco\Routes">
          <metrics complexity="16" methods="8" coveredmethods="4" conditionals="0" coveredconditionals="0" statements="46" coveredstatements="25" elements="54" coveredelements="29"/>
        </class>
        <line num="13" type="method" name="__construct" visibility="public" complexity="1" crap="1" count="1"/>
        <line num="14" type="stmt" count="1"/>
        <line num="15" type="stmt" count="1"/>
        <line num="17" type="method" name="getWeatherRoutes" visibility="public" complexity="1" crap="1" count="1"/>
        <line num="18" type="stmt" count="1"/>
        <line num="19" type="stmt" count="1"/>
        <line num="20" type="stmt" count="1"/>
        <line num="21" type="stmt" count="1"/>
        <line num="22" type="stmt" count="1"/>
        <line num="23" type="stmt" count="1"/>
        <line num="24" type="stmt" count="1"/>
        <line num="27" type="method" name="listWeatherObjects" visibility="public" complexity="1" crap="1" count="1"/>
        <line num="28" type="stmt" count="1"/>
        <line num="31" type="stmt" count="1"/>
        <line num="33" type="method" name="getWeatherObject" visibility="public" complexity="2" crap="2" count="1"/>
        <line num="34" type="stmt" count="1"/>
        <line num="35" type="stmt" count="1"/>
        <line num="36" type="stmt" count="1"/>
        <line num="38" type="stmt" count="1"/>
        <line num="39" type="stmt" count="1"/>
        <line num="40" type="stmt" count="1"/>
        <line num="42" type="stmt" count="1"/>
        <line num="43" type="stmt" count="1"/>
        <line num="45" type="method" name="addNewWeatherObject" visibility="public" complexity="2" crap="2.15" count="1"/>
        <line num="46" type="stmt" count="1"/>
        <line num="47" type="stmt" count="1"/>
        <line num="49" type="stmt" count="1"/>
        <line num="50" type="stmt" count="1"/>
        <line num="52" type="stmt" count="0"/>
        <line num="53" type="stmt" count="0"/>
        <line num="55" type="method" name="replaceWeatherObject" visibility="public" complexity="2" crap="6" count="0"/>
        <line num="56" type="stmt" count="0"/>
        <line num="57" type="stmt" count="0"/>
        <line num="58" type="stmt" count="0"/>
        <line num="60" type="stmt" count="0"/>
        <line num="61" type="stmt" count="0"/>
        <line num="63" type="stmt" count="0"/>
        <line num="64" type="stmt" count="0"/>
        <line num="66" type="method" name="updateWeatherObject" visibility="public" complexity="4" crap="20" count="0"/>
        <line num="67" type="stmt" count="0"/>
        <line num="68" type="stmt" count="0"/>
        <line num="69" type="stmt" count="0"/>
        <line num="70" type="stmt" count="0"/>
        <line num="71" type="stmt" count="0"/>
        <line num="74" type="stmt" count="0"/>
        <line num="75" type="stmt" count="0"/>
        <line num="76" type="stmt" count="0"/>
        <line num="78" type="stmt" count="0"/>
        <line num="79" type="stmt" count="0"/>
        <line num="81" type="method" name="deleteWeatherObject" visibility="public" complexity="2" crap="2.26" count="1"/>
        <line num="82" type="stmt" count="1"/>
        <line num="83" type="stmt" count="1"/>
        <line num="84" type="stmt" count="1"/>
        <line num="86" type="stmt" count="0"/>
        <line num="87" type="stmt" count="0"/>
        <metrics loc="88" ncloc="88" classes="1" methods="8" coveredmethods="4" conditionals="0" coveredconditionals="0" statements="47" coveredstatements="26" elements="55" coveredelements="30"/>
      </file>
    </package>
    <package name="cbenco\Science\Math\Arithmetic">
      <file name="/usr/local/var/www/htdocs/swp2/src/cbenco/Science/Math/Arithmetic/BasicOperations.php">
        <class name="BasicOperations" namespace="cbenco\Science\Math\Arithmetic">
          <metrics complexity="8" methods="5" coveredmethods="4" conditionals="0" coveredconditionals="0" statements="13" coveredstatements="12" elements="18" coveredelements="16"/>
        </class>
        <line num="7" type="method" name="subtract" visibility="private" complexity="3" crap="3.04" count="8"/>
        <line num="8" type="stmt" count="8"/>
        <line num="9" type="stmt" count="0"/>
        <line num="11" type="stmt" count="8"/>
        <line num="12" type="stmt" count="8"/>
        <line num="13" type="stmt" count="8"/>
        <line num="15" type="stmt" count="8"/>
        <line num="18" type="method" name="add" visibility="private" complexity="1" crap="1" count="8"/>
        <line num="19" type="stmt" count="8"/>
        <line num="22" type="method" name="divide" visibility="public" complexity="1" crap="1" count="8"/>
        <line num="23" type="stmt" count="8"/>
        <line num="26" type="method" name="multiply" visibility="public" complexity="2" crap="2" count="8"/>
        <line num="27" type="stmt" count="8"/>
        <line num="28" type="stmt" count="8"/>
        <line num="29" type="stmt" count="8"/>
        <line num="31" type="stmt" count="8"/>
        <line num="34" type="method" name="getAverage" visibility="public" complexity="1" crap="1" count="8"/>
        <line num="35" type="stmt" count="8"/>
        <metrics loc="36" ncloc="36" classes="1" methods="5" coveredmethods="4" conditionals="0" coveredconditionals="0" statements="13" coveredstatements="12" elements="18" coveredelements="16"/>
      </file>
    </package>
    <file name="/usr/local/var/www/htdocs/swp2/src/cbenco/Science/Math/Regression/IRegression.php">
      <metrics loc="7" ncloc="7" classes="0" methods="0" coveredmethods="0" conditionals="0" coveredconditionals="0" statements="0" coveredstatements="0" elements="0" coveredelements="0"/>
    </file>
    <package name="cbenco\Science\Math\Regression">
      <file name="/usr/local/var/www/htdocs/swp2/src/cbenco/Science/Math/Regression/LinearRegression.php">
        <class name="LinearRegression" namespace="cbenco\Science\Math\Regression">
          <metrics complexity="10" methods="10" coveredmethods="10" conditionals="0" coveredconditionals="0" statements="37" coveredstatements="37" elements="47" coveredelements="47"/>
        </class>
        <line num="17" type="method" name="__construct" visibility="public" complexity="1" crap="1" count="2"/>
        <line num="18" type="stmt" count="2"/>
        <line num="19" type="stmt" count="2"/>
        <line num="20" type="stmt" count="2"/>
        <line num="22" type="method" name="init" visibility="private" complexity="1" crap="1" count="2"/>
        <line num="23" type="stmt" count="2"/>
        <line num="24" type="stmt" count="2"/>
        <line num="25" type="stmt" count="2"/>
        <line num="26" type="stmt" count="2"/>
        <line num="27" type="stmt" count="2"/>
        <line num="28" type="stmt" count="2"/>
        <line num="30" type="method" name="setParameterS" visibility="public" complexity="1" crap="1" count="2"/>
        <line num="31" type="stmt" count="2"/>
        <line num="32" type="stmt" count="2"/>
        <line num="33" type="stmt" count="2"/>
        <line num="35" type="method" name="anonymous function" complexity="1" crap="1" count="2"/>
        <line num="36" type="stmt" count="2"/>
        <line num="37" type="stmt" count="2"/>
        <line num="39" type="stmt" count="2"/>
        <line num="41" type="method" name="getParameterS" visibility="public" complexity="1" crap="1" count="2"/>
        <line num="42" type="stmt" count="2"/>
        <line num="45" type="method" name="setParameterM" visibility="public" complexity="1" crap="1" count="2"/>
        <line num="46" type="stmt" count="2"/>
        <line num="47" type="stmt" count="2"/>
        <line num="48" type="stmt" count="2"/>
        <line num="49" type="stmt" count="2"/>
        <line num="50" type="stmt" count="2"/>
        <line num="51" type="stmt" count="2"/>
        <line num="54" type="stmt" count="2"/>
        <line num="55" type="stmt" count="2"/>
        <line num="56" type="stmt" count="2"/>
        <line num="59" type="stmt" count="2"/>
        <line num="61" type="method" name="getParameterM" visibility="public" complexity="1" crap="1" count="2"/>
        <line num="62" type="stmt" count="2"/>
        <line num="65" type="method" name="setParameterN" visibility="public" complexity="1" crap="1" count="2"/>
        <line num="66" type="stmt" count="2"/>
        <line num="67" type="stmt" count="2"/>
        <line num="68" type="stmt" count="2"/>
        <line num="69" type="stmt" count="2"/>
        <line num="70" type="stmt" count="2"/>
        <line num="73" type="stmt" count="2"/>
        <line num="75" type="method" name="getParameterN" visibility="public" complexity="1" crap="1" count="2"/>
        <line num="76" type="stmt" count="2"/>
        <line num="79" type="method" name="getValueOf" visibility="public" complexity="1" crap="1" count="2"/>
        <line num="82" type="stmt" count="2"/>
        <line num="83" type="stmt" count="2"/>
        <line num="84" type="stmt" count="2"/>
        <line num="87" type="stmt" count="2"/>
        <metrics loc="89" ncloc="87" classes="1" methods="10" coveredmethods="10" conditionals="0" coveredconditionals="0" statements="38" coveredstatements="38" elements="48" coveredelements="48"/>
      </file>
      <file name="/usr/local/var/www/htdocs/swp2/src/cbenco/Science/Math/Regression/QuadraticRegression.php">
        <class name="QuadraticRegression" namespace="cbenco\Science\Math\Regression">
          <metrics complexity="17" methods="13" coveredmethods="11" conditionals="0" coveredconditionals="0" statements="86" coveredstatements="84" elements="99" coveredelements="95"/>
        </class>
        <line num="16" type="method" name="__construct" visibility="public" complexity="1" crap="1" count="2"/>
        <line num="17" type="stmt" count="2"/>
        <line num="18" type="stmt" count="2"/>
        <line num="19" type="stmt" count="2"/>
        <line num="20" type="method" name="init" visibility="private" complexity="1" crap="1" count="2"/>
        <line num="21" type="stmt" count="2"/>
        <line num="22" type="stmt" count="2"/>
        <line num="23" type="stmt" count="2"/>
        <line num="24" type="stmt" count="2"/>
        <line num="25" type="stmt" count="2"/>
        <line num="26" type="stmt" count="2"/>
        <line num="27" type="stmt" count="2"/>
        <line num="28" type="stmt" count="2"/>
        <line num="30" type="method" name="setParameterA" visibility="private" complexity="1" crap="1" count="2"/>
        <line num="33" type="stmt" count="2"/>
        <line num="34" type="stmt" count="2"/>
        <line num="35" type="stmt" count="2"/>
        <line num="36" type="stmt" count="2"/>
        <line num="37" type="stmt" count="2"/>
        <line num="39" type="stmt" count="2"/>
        <line num="40" type="stmt" count="2"/>
        <line num="41" type="stmt" count="2"/>
        <line num="43" type="stmt" count="2"/>
        <line num="44" type="stmt" count="2"/>
        <line num="48" type="stmt" count="2"/>
        <line num="50" type="method" name="setParameterB" visibility="private" complexity="1" crap="1" count="2"/>
        <line num="56" type="stmt" count="2"/>
        <line num="57" type="stmt" count="2"/>
        <line num="58" type="stmt" count="2"/>
        <line num="59" type="stmt" count="2"/>
        <line num="60" type="stmt" count="2"/>
        <line num="62" type="stmt" count="2"/>
        <line num="63" type="stmt" count="2"/>
        <line num="64" type="stmt" count="2"/>
        <line num="67" type="stmt" count="2"/>
        <line num="68" type="stmt" count="2"/>
        <line num="69" type="stmt" count="2"/>
        <line num="70" type="stmt" count="2"/>
        <line num="72" type="stmt" count="2"/>
        <line num="75" type="stmt" count="2"/>
        <line num="77" type="method" name="setParameterC" visibility="private" complexity="1" crap="1" count="2"/>
        <line num="83" type="stmt" count="2"/>
        <line num="84" type="stmt" count="2"/>
        <line num="85" type="stmt" count="2"/>
        <line num="86" type="stmt" count="2"/>
        <line num="87" type="stmt" count="2"/>
        <line num="89" type="stmt" count="2"/>
        <line num="90" type="stmt" count="2"/>
        <line num="91" type="stmt" count="2"/>
        <line num="94" type="stmt" count="2"/>
        <line num="95" type="stmt" count="2"/>
        <line num="96" type="stmt" count="2"/>
        <line num="97" type="stmt" count="2"/>
        <line num="99" type="stmt" count="2"/>
        <line num="102" type="stmt" count="2"/>
        <line num="104" type="method" name="getParameterA" visibility="public" complexity="1" crap="1" count="2"/>
        <line num="105" type="stmt" count="2"/>
        <line num="108" type="method" name="getParameterB" visibility="public" complexity="1" crap="1" count="2"/>
        <line num="109" type="stmt" count="2"/>
        <line num="112" type="method" name="getParameterC" visibility="public" complexity="1" crap="1" count="2"/>
        <line num="113" type="stmt" count="2"/>
        <line num="116" type="method" name="getCorrelationCoefficient" visibility="public" complexity="1" crap="2" count="0"/>
        <line num="117" type="stmt" count="0"/>
        <line num="120" type="method" name="setCorrelationCoefficient" visibility="private" complexity="1" crap="1" count="2"/>
        <line num="122" type="stmt" count="2"/>
        <line num="124" type="stmt" count="2"/>
        <line num="125" type="stmt" count="2"/>
        <line num="126" type="stmt" count="2"/>
        <line num="127" type="stmt" count="2"/>
        <line num="130" type="stmt" count="2"/>
        <line num="131" type="stmt" count="2"/>
        <line num="132" type="stmt" count="2"/>
        <line num="135" type="stmt" count="2"/>
        <line num="136" type="stmt" count="2"/>
        <line num="138" type="stmt" count="2"/>
        <line num="139" type="stmt" count="2"/>
        <line num="140" type="stmt" count="2"/>
        <line num="141" type="stmt" count="2"/>
        <line num="142" type="stmt" count="2"/>
        <line num="143" type="stmt" count="2"/>
        <line num="146" type="method" name="anonymous function" complexity="1" crap="1" count="2"/>
        <line num="147" type="stmt" count="2"/>
        <line num="148" type="stmt" count="2"/>
        <line num="149" type="stmt" count="2"/>
        <line num="150" type="stmt" count="2"/>
        <line num="151" type="stmt" count="2"/>
        <line num="152" type="stmt" count="2"/>
        <line num="153" type="stmt" count="2"/>
        <line num="154" type="stmt" count="2"/>
        <line num="156" type="stmt" count="2"/>
        <line num="158" type="method" name="getParameterS" visibility="private" complexity="4" crap="4.05" count="2"/>
        <line num="159" type="stmt" count="2"/>
        <line num="160" type="stmt" count="2"/>
        <line num="161" type="stmt" count="2"/>
        <line num="162" type="stmt" count="0"/>
        <line num="164" type="stmt" count="2"/>
        <line num="166" type="stmt" count="2"/>
        <line num="167" type="stmt" count="2"/>
        <line num="170" type="method" name="getValueOf" visibility="public" complexity="1" crap="1" count="2"/>
        <line num="171" type="stmt" count="2"/>
        <line num="172" type="stmt" count="2"/>
        <line num="173" type="stmt" count="2"/>
        <line num="174" type="stmt" count="2"/>
        <line num="176" type="stmt" count="2"/>
        <line num="177" type="stmt" count="2"/>
        <line num="178" type="stmt" count="2"/>
        <metrics loc="183" ncloc="159" classes="1" methods="13" coveredmethods="11" conditionals="0" coveredconditionals="0" statements="93" coveredstatements="91" elements="106" coveredelements="102"/>
      </file>
    </package>
    <metrics files="16" loc="1249" ncloc="1064" classes="13" methods="106" coveredmethods="49" conditionals="0" coveredconditionals="0" statements="521" coveredstatements="287" elements="627" coveredelements="336"/>
  </project>
</coverage>
